<?xml version="1.0" encoding="utf-8"?><testsuites name="pytest tests"><testsuite name="pytest" errors="0" failures="0" skipped="0" tests="8" time="2.571" timestamp="2026-03-07T02:06:22.916863+00:00" hostname="agent-env-36bf9d2b-39a3-4b85-9821-6b653135dfa2"><testcase classname="backend.tests.test_image_upload.TestUploadEndpoint" name="test_upload_valid_image" time="0.653" /><testcase classname="backend.tests.test_image_upload.TestUploadEndpoint" name="test_upload_requires_auth" time="0.105" /><testcase classname="backend.tests.test_image_upload.TestUploadEndpoint" name="test_upload_rejects_non_image" time="0.102" /><testcase classname="backend.tests.test_image_upload.TestUploadEndpoint" name="test_upload_rejects_large_file" time="0.464" /><testcase classname="backend.tests.test_image_upload.TestServeImage" name="test_serve_uploaded_image" time="0.231" /><testcase classname="backend.tests.test_image_upload.TestServeImage" name="test_serve_nonexistent_image" time="0.105" /><testcase classname="backend.tests.test_image_upload.TestErrandWithImage" name="test_create_errand_with_image_url" time="0.669" /><testcase classname="backend.tests.test_image_upload.TestErrandWithImage" name="test_create_errand_without_image" time="0.132" /></testsuite></testsuites>