<?xml version="1.0" encoding="utf-8"?><testsuites name="pytest tests"><testsuite name="pytest" errors="0" failures="0" skipped="0" tests="18" time="3.106" timestamp="2026-03-07T18:22:18.936992+00:00" hostname="agent-env-36bf9d2b-39a3-4b85-9821-6b653135dfa2"><testcase classname="backend.tests.test_new_features.TestCategories" name="test_create_errand_with_category" time="0.725" /><testcase classname="backend.tests.test_new_features.TestCategories" name="test_get_errand_has_category" time="0.127" /><testcase classname="backend.tests.test_new_features.TestCategories" name="test_filter_by_category" time="0.176" /><testcase classname="backend.tests.test_new_features.TestCategories" name="test_filter_category_no_match" time="0.114" /><testcase classname="backend.tests.test_new_features.TestCounterProposal" name="test_setup_errand" time="0.131" /><testcase classname="backend.tests.test_new_features.TestCounterProposal" name="test_runner_submits_offer" time="0.455" /><testcase classname="backend.tests.test_new_features.TestCounterProposal" name="test_poster_counters_offer" time="0.112" /><testcase classname="backend.tests.test_new_features.TestCounterProposal" name="test_runner_accepts_counter" time="0.111" /><testcase classname="backend.tests.test_new_features.TestCounterProposal" name="test_errand_is_matched_after_accept_counter" time="0.148" /><testcase classname="backend.tests.test_new_features.TestPushNotifications" name="test_vapid_public_key" time="0.116" /><testcase classname="backend.tests.test_new_features.TestPushNotifications" name="test_push_subscribe" time="0.121" /><testcase classname="backend.tests.test_new_features.TestEarnings" name="test_earnings_returns_expected_fields" time="0.134" /><testcase classname="backend.tests.test_new_features.TestBackendRefactoring" name="test_auth_login" time="0.000" /><testcase classname="backend.tests.test_new_features.TestBackendRefactoring" name="test_get_me" time="0.107" /><testcase classname="backend.tests.test_new_features.TestBackendRefactoring" name="test_list_errands" time="0.116" /><testcase classname="backend.tests.test_new_features.TestBackendRefactoring" name="test_notifications" time="0.109" /><testcase classname="backend.tests.test_new_features.TestRegression" name="test_chat_messages_on_matched_errand" time="0.115" /><testcase classname="backend.tests.test_new_features.TestRegression" name="test_get_chat_messages" time="0.119" /></testsuite></testsuites>