<?xml version="1.0" encoding="utf-8"?><testsuites name="pytest tests"><testsuite name="pytest" errors="0" failures="0" skipped="1" tests="13" time="3.564" timestamp="2026-03-07T01:36:48.833200+00:00" hostname="agent-env-36bf9d2b-39a3-4b85-9821-6b653135dfa2"><testcase classname="backend.tests.test_new_features.TestNotifications" name="test_get_notifications_returns_list" time="0.631" /><testcase classname="backend.tests.test_new_features.TestNotifications" name="test_notification_created_when_offer_submitted" time="0.860" /><testcase classname="backend.tests.test_new_features.TestNotifications" name="test_mark_all_read" time="0.147" /><testcase classname="backend.tests.test_new_features.TestNotifications" name="test_notifications_are_read_after_mark_all" time="0.105" /><testcase classname="backend.tests.test_new_features.TestNotifications" name="test_mark_single_notification_read" time="0.105"><skipped type="pytest.skip" message="No notifications for runner">/app/backend/tests/test_new_features.py:138: No notifications for runner</skipped></testcase><testcase classname="backend.tests.test_new_features.TestRatings" name="test_rate_completed_errand" time="0.604" /><testcase classname="backend.tests.test_new_features.TestRatings" name="test_duplicate_rating_rejected" time="0.114" /><testcase classname="backend.tests.test_new_features.TestRatings" name="test_rating_requires_completed_status" time="0.228" /><testcase classname="backend.tests.test_new_features.TestRatings" name="test_get_my_rating_for_errand" time="0.105" /><testcase classname="backend.tests.test_new_features.TestRatings" name="test_get_user_rating_average" time="0.213" /><testcase classname="backend.tests.test_new_features.TestMapCoordinates" name="test_create_errand_with_coordinates" time="0.103" /><testcase classname="backend.tests.test_new_features.TestMapCoordinates" name="test_errand_without_coords_has_null" time="0.117" /><testcase classname="backend.tests.test_new_features.TestMapCoordinates" name="test_list_errands_includes_coords" time="0.111" /></testsuite></testsuites>