<?xml version="1.0" encoding="utf-8"?><testsuites name="pytest tests"><testsuite name="pytest" errors="0" failures="0" skipped="0" tests="20" time="3.872" timestamp="2026-03-07T18:00:14.431725+00:00" hostname="agent-env-36bf9d2b-39a3-4b85-9821-6b653135dfa2"><testcase classname="backend.tests.test_pwa_and_features.TestPWAAssets" name="test_manifest_returns_200" time="0.232" /><testcase classname="backend.tests.test_pwa_and_features.TestPWAAssets" name="test_manifest_content_type" time="0.132" /><testcase classname="backend.tests.test_pwa_and_features.TestPWAAssets" name="test_manifest_has_required_fields" time="0.111" /><testcase classname="backend.tests.test_pwa_and_features.TestPWAAssets" name="test_service_worker_returns_200" time="0.104" /><testcase classname="backend.tests.test_pwa_and_features.TestPWAAssets" name="test_icon_192_exists" time="0.123" /><testcase classname="backend.tests.test_pwa_and_features.TestPWAAssets" name="test_icon_512_exists" time="0.175" /><testcase classname="backend.tests.test_pwa_and_features.TestPWAAssets" name="test_index_html_title" time="0.159" /><testcase classname="backend.tests.test_pwa_and_features.TestPWAAssets" name="test_index_html_manifest_link" time="0.140" /><testcase classname="backend.tests.test_pwa_and_features.TestPWAAssets" name="test_index_html_apple_touch_icon" time="0.110" /><testcase classname="backend.tests.test_pwa_and_features.TestAuth" name="test_register_poster" time="0.413" /><testcase classname="backend.tests.test_pwa_and_features.TestAuth" name="test_register_runner" time="0.295" /><testcase classname="backend.tests.test_pwa_and_features.TestAuth" name="test_login_token_endpoint" time="0.078" /><testcase classname="backend.tests.test_pwa_and_features.TestErrands" name="test_create_errand" time="0.065" /><testcase classname="backend.tests.test_pwa_and_features.TestErrands" name="test_get_errand" time="0.067" /><testcase classname="backend.tests.test_pwa_and_features.TestOffers" name="test_submit_offer" time="0.070" /><testcase classname="backend.tests.test_pwa_and_features.TestOffers" name="test_accept_offer" time="0.133" /><testcase classname="backend.tests.test_pwa_and_features.TestPayments" name="test_create_checkout_session" time="0.999" /><testcase classname="backend.tests.test_pwa_and_features.TestChat" name="test_send_message_requires_matched" time="0.138" /><testcase classname="backend.tests.test_pwa_and_features.TestChat" name="test_get_messages" time="0.125" /><testcase classname="backend.tests.test_pwa_and_features.TestChat" name="test_runner_can_send_message" time="0.133" /></testsuite></testsuites>