<?xml version="1.0" encoding="utf-8"?><testsuites name="pytest tests"><testsuite name="pytest" errors="0" failures="0" skipped="0" tests="15" time="2.695" timestamp="2026-03-07T00:48:22.462338+00:00" hostname="agent-env-36bf9d2b-39a3-4b85-9821-6b653135dfa2"><testcase classname="backend.tests.test_errand_app.TestAuth" name="test_login_poster" time="0.495" /><testcase classname="backend.tests.test_errand_app.TestAuth" name="test_login_invalid" time="0.114" /><testcase classname="backend.tests.test_errand_app.TestAuth" name="test_register_runner" time="0.476" /><testcase classname="backend.tests.test_errand_app.TestAuth" name="test_get_me" time="0.133" /><testcase classname="backend.tests.test_errand_app.TestErrands" name="test_create_errand" time="0.150" /><testcase classname="backend.tests.test_errand_app.TestErrands" name="test_list_errands" time="0.108" /><testcase classname="backend.tests.test_errand_app.TestErrands" name="test_get_errand_by_id" time="0.122" /><testcase classname="backend.tests.test_errand_app.TestErrands" name="test_my_errands" time="0.103" /><testcase classname="backend.tests.test_errand_app.TestOffers" name="test_create_offer" time="0.123" /><testcase classname="backend.tests.test_errand_app.TestOffers" name="test_get_offers" time="0.114" /><testcase classname="backend.tests.test_errand_app.TestOffers" name="test_poster_cannot_offer_own_errand" time="0.098" /><testcase classname="backend.tests.test_errand_app.TestOffers" name="test_accept_offer" time="0.258" /><testcase classname="backend.tests.test_errand_app.TestOffers" name="test_my_runs" time="0.106" /><testcase classname="backend.tests.test_errand_app.TestProfile" name="test_get_profile" time="0.104" /><testcase classname="backend.tests.test_errand_app.TestProfile" name="test_get_stats" time="0.111" /></testsuite></testsuites>